The system is: Darwin - 17.5.0 - x86_64
Compiling the C compiler identification source file "CMakeCCompilerId.c" succeeded.
Compiler: /Library/Developer/CommandLineTools/usr/bin/cc 
Build flags: 
Id flags:  

The output was:
0


Compilation of the C compiler identification source "CMakeCCompilerId.c" produced "a.out"

The C compiler identification is AppleClang, found in "/Users/hashibami/Desktop/2018/编译原理/json_parser/cmake-build-debug/CMakeFiles/3.10.3/CompilerIdC/a.out"

Determining if the C compiler works passed with the following output:
Change Dir: /Users/hashibami/Desktop/2018/编译原理/json_parser/cmake-build-debug/CMakeFiles/CMakeTmp

Run Build Command:"/usr/bin/make" "cmTC_c4f91/fast"
/Library/Developer/CommandLineTools/usr/bin/make -f CMakeFiles/cmTC_c4f91.dir/build.make CMakeFiles/cmTC_c4f91.dir/build
Building C object CMakeFiles/cmTC_c4f91.dir/testCCompiler.c.o
/Library/Developer/CommandLineTools/usr/bin/cc    -o CMakeFiles/cmTC_c4f91.dir/testCCompiler.c.o   -c /Users/hashibami/Desktop/2018/编译原理/json_parser/cmake-build-debug/CMakeFiles/CMakeTmp/testCCompiler.c
Linking C executable cmTC_c4f91
/Applications/CLion.app/Contents/bin/cmake/bin/cmake -E cmake_link_script CMakeFiles/cmTC_c4f91.dir/link.txt --verbose=1
/Library/Developer/CommandLineTools/usr/bin/cc   -Wl,-search_paths_first -Wl,-headerpad_max_install_names   CMakeFiles/cmTC_c4f91.dir/testCCompiler.c.o  -o cmTC_c4f91 


Detecting C compiler ABI info compiled with the following output:
Change Dir: /Users/hashibami/Desktop/2018/编译原理/json_parser/cmake-build-debug/CMakeFiles/CMakeTmp

Run Build Command:"/usr/bin/make" "cmTC_fdad1/fast"
/Library/Developer/CommandLineTools/usr/bin/make -f CMakeFiles/cmTC_fdad1.dir/build.make CMakeFiles/cmTC_fdad1.dir/build
Building C object CMakeFiles/cmTC_fdad1.dir/CMakeCCompilerABI.c.o
/Library/Developer/CommandLineTools/usr/bin/cc    -o CMakeFiles/cmTC_fdad1.dir/CMakeCCompilerABI.c.o   -c /Applications/CLion.app/Contents/bin/cmake/share/cmake-3.10/Modules/CMakeCCompilerABI.c
Linking C executable cmTC_fdad1
/Applications/CLion.app/Contents/bin/cmake/bin/cmake -E cmake_link_script CMakeFiles/cmTC_fdad1.dir/link.txt --verbose=1
/Library/Developer/CommandLineTools/usr/bin/cc   -Wl,-search_paths_first -Wl,-headerpad_max_install_names  -v -Wl,-v CMakeFiles/cmTC_fdad1.dir/CMakeCCompilerABI.c.o  -o cmTC_fdad1 
Apple LLVM version 9.0.0 (clang-900.0.39.2)
Target: x86_64-apple-darwin17.5.0
Thread model: posix
InstalledDir: /Library/Developer/CommandLineTools/usr/bin
 "/Library/Developer/CommandLineTools/usr/bin/ld" -demangle -lto_library /Library/Developer/CommandLineTools/usr/lib/libLTO.dylib -dynamic -arch x86_64 -macosx_version_min 10.13.0 -o cmTC_fdad1 -search_paths_first -headerpad_max_install_names -v CMakeFiles/cmTC_fdad1.dir/CMakeCCompilerABI.c.o -lSystem /Library/Developer/CommandLineTools/usr/lib/clang/9.0.0/lib/darwin/libclang_rt.osx.a
@(#)PROGRAM:ld  PROJECT:ld64-305
configured to support archs: armv6 armv7 armv7s arm64 i386 x86_64 x86_64h armv6m armv7k armv7m armv7em (tvOS)
Library search paths:
	/usr/lib
	/usr/local/lib
Framework search paths:
	/Library/Frameworks/
	/System/Library/Frameworks/


Parsed C implicit link information from above output:
  link line regex: [^( *|.*[/\])(ld|CMAKE_LINK_STARTFILE-NOTFOUND|([^/\]+-)?ld|collect2)[^/\]*( |$)]
  ignore line: [Change Dir: /Users/hashibami/Desktop/2018/编译原理/json_parser/cmake-build-debug/CMakeFiles/CMakeTmp]
  ignore line: []
  ignore line: [Run Build Command:"/usr/bin/make" "cmTC_fdad1/fast"]
  ignore line: [/Library/Developer/CommandLineTools/usr/bin/make -f CMakeFiles/cmTC_fdad1.dir/build.make CMakeFiles/cmTC_fdad1.dir/build]
  ignore line: [Building C object CMakeFiles/cmTC_fdad1.dir/CMakeCCompilerABI.c.o]
  ignore line: [/Library/Developer/CommandLineTools/usr/bin/cc    -o CMakeFiles/cmTC_fdad1.dir/CMakeCCompilerABI.c.o   -c /Applications/CLion.app/Contents/bin/cmake/share/cmake-3.10/Modules/CMakeCCompilerABI.c]
  ignore line: [Linking C executable cmTC_fdad1]
  ignore line: [/Applications/CLion.app/Contents/bin/cmake/bin/cmake -E cmake_link_script CMakeFiles/cmTC_fdad1.dir/link.txt --verbose=1]
  ignore line: [/Library/Developer/CommandLineTools/usr/bin/cc   -Wl,-search_paths_first -Wl,-headerpad_max_install_names  -v -Wl,-v CMakeFiles/cmTC_fdad1.dir/CMakeCCompilerABI.c.o  -o cmTC_fdad1 ]
  ignore line: [Apple LLVM version 9.0.0 (clang-900.0.39.2)]
  ignore line: [Target: x86_64-apple-darwin17.5.0]
  ignore line: [Thread model: posix]
  ignore line: [InstalledDir: /Library/Developer/CommandLineTools/usr/bin]
  link line: [ "/Library/Developer/CommandLineTools/usr/bin/ld" -demangle -lto_library /Library/Developer/CommandLineTools/usr/lib/libLTO.dylib -dynamic -arch x86_64 -macosx_version_min 10.13.0 -o cmTC_fdad1 -search_paths_first -headerpad_max_install_names -v CMakeFiles/cmTC_fdad1.dir/CMakeCCompilerABI.c.o -lSystem /Library/Developer/CommandLineTools/usr/lib/clang/9.0.0/lib/darwin/libclang_rt.osx.a]
    arg [/Library/Developer/CommandLineTools/usr/bin/ld] ==> ignore
    arg [-demangle] ==> ignore
    arg [-lto_library] ==> ignore, skip following value
    arg [/Library/Developer/CommandLineTools/usr/lib/libLTO.dylib] ==> skip value of -lto_library
    arg [-dynamic] ==> ignore
    arg [-arch] ==> ignore
    arg [x86_64] ==> ignore
    arg [-macosx_version_min] ==> ignore
    arg [10.13.0] ==> ignore
    arg [-o] ==> ignore
    arg [cmTC_fdad1] ==> ignore
    arg [-search_paths_first] ==> ignore
    arg [-headerpad_max_install_names] ==> ignore
    arg [-v] ==> ignore
    arg [CMakeFiles/cmTC_fdad1.dir/CMakeCCompilerABI.c.o] ==> ignore
    arg [-lSystem] ==> lib [System]
    arg [/Library/Developer/CommandLineTools/usr/lib/clang/9.0.0/lib/darwin/libclang_rt.osx.a] ==> lib [/Library/Developer/CommandLineTools/usr/lib/clang/9.0.0/lib/darwin/libclang_rt.osx.a]
  Library search paths: [;/usr/lib;/usr/local/lib]
  Framework search paths: [;/Library/Frameworks/;/System/Library/Frameworks/]
  remove lib [System]
  remove lib [/Library/Developer/CommandLineTools/usr/lib/clang/9.0.0/lib/darwin/libclang_rt.osx.a]
  collapse library dir [/usr/lib] ==> [/usr/lib]
  collapse library dir [/usr/local/lib] ==> [/usr/local/lib]
  collapse framework dir [/Library/Frameworks/] ==> [/Library/Frameworks]
  collapse framework dir [/System/Library/Frameworks/] ==> [/System/Library/Frameworks]
  implicit libs: []
  implicit dirs: [/usr/lib;/usr/local/lib]
  implicit fwks: [/Library/Frameworks;/System/Library/Frameworks]




Detecting C [-std=c11] compiler features compiled with the following output:
Change Dir: /Users/hashibami/Desktop/2018/编译原理/json_parser/cmake-build-debug/CMakeFiles/CMakeTmp

Run Build Command:"/usr/bin/make" "cmTC_6e44a/fast"
/Library/Developer/CommandLineTools/usr/bin/make -f CMakeFiles/cmTC_6e44a.dir/build.make CMakeFiles/cmTC_6e44a.dir/build
Building C object CMakeFiles/cmTC_6e44a.dir/feature_tests.c.o
/Library/Developer/CommandLineTools/usr/bin/cc   -std=c11 -o CMakeFiles/cmTC_6e44a.dir/feature_tests.c.o   -c /Users/hashibami/Desktop/2018/编译原理/json_parser/cmake-build-debug/CMakeFiles/feature_tests.c
Linking C executable cmTC_6e44a
/Applications/CLion.app/Contents/bin/cmake/bin/cmake -E cmake_link_script CMakeFiles/cmTC_6e44a.dir/link.txt --verbose=1
/Library/Developer/CommandLineTools/usr/bin/cc   -Wl,-search_paths_first -Wl,-headerpad_max_install_names   CMakeFiles/cmTC_6e44a.dir/feature_tests.c.o  -o cmTC_6e44a 


    Feature record: C_FEATURE:1c_function_prototypes
    Feature record: C_FEATURE:1c_restrict
    Feature record: C_FEATURE:1c_static_assert
    Feature record: C_FEATURE:1c_variadic_macros


Detecting C [-std=c99] compiler features compiled with the following output:
Change Dir: /Users/hashibami/Desktop/2018/编译原理/json_parser/cmake-build-debug/CMakeFiles/CMakeTmp

Run Build Command:"/usr/bin/make" "cmTC_bf711/fast"
/Library/Developer/CommandLineTools/usr/bin/make -f CMakeFiles/cmTC_bf711.dir/build.make CMakeFiles/cmTC_bf711.dir/build
Building C object CMakeFiles/cmTC_bf711.dir/feature_tests.c.o
/Library/Developer/CommandLineTools/usr/bin/cc   -std=c99 -o CMakeFiles/cmTC_bf711.dir/feature_tests.c.o   -c /Users/hashibami/Desktop/2018/编译原理/json_parser/cmake-build-debug/CMakeFiles/feature_tests.c
Linking C executable cmTC_bf711
/Applications/CLion.app/Contents/bin/cmake/bin/cmake -E cmake_link_script CMakeFiles/cmTC_bf711.dir/link.txt --verbose=1
/Library/Developer/CommandLineTools/usr/bin/cc   -Wl,-search_paths_first -Wl,-headerpad_max_install_names   CMakeFiles/cmTC_bf711.dir/feature_tests.c.o  -o cmTC_bf711 


    Feature record: C_FEATURE:1c_function_prototypes
    Feature record: C_FEATURE:1c_restrict
    Feature record: C_FEATURE:0c_static_assert
    Feature record: C_FEATURE:1c_variadic_macros


Detecting C [-std=c90] compiler features compiled with the following output:
Change Dir: /Users/hashibami/Desktop/2018/编译原理/json_parser/cmake-build-debug/CMakeFiles/CMakeTmp

Run Build Command:"/usr/bin/make" "cmTC_eae02/fast"
/Library/Developer/CommandLineTools/usr/bin/make -f CMakeFiles/cmTC_eae02.dir/build.make CMakeFiles/cmTC_eae02.dir/build
Building C object CMakeFiles/cmTC_eae02.dir/feature_tests.c.o
/Library/Developer/CommandLineTools/usr/bin/cc   -std=c90 -o CMakeFiles/cmTC_eae02.dir/feature_tests.c.o   -c /Users/hashibami/Desktop/2018/编译原理/json_parser/cmake-build-debug/CMakeFiles/feature_tests.c
Linking C executable cmTC_eae02
/Applications/CLion.app/Contents/bin/cmake/bin/cmake -E cmake_link_script CMakeFiles/cmTC_eae02.dir/link.txt --verbose=1
/Library/Developer/CommandLineTools/usr/bin/cc   -Wl,-search_paths_first -Wl,-headerpad_max_install_names   CMakeFiles/cmTC_eae02.dir/feature_tests.c.o  -o cmTC_eae02 


    Feature record: C_FEATURE:1c_function_prototypes
    Feature record: C_FEATURE:0c_restrict
    Feature record: C_FEATURE:0c_static_assert
    Feature record: C_FEATURE:0c_variadic_macros
